\BOOKMARK [1][-]{section.1}{Introduction}{}% 1
\BOOKMARK [2][-]{subsection.1.1}{Data set}{section.1}% 2
\BOOKMARK [2][-]{subsection.1.2}{Motivation}{section.1}% 3
\BOOKMARK [1][-]{section.2}{Predictive task}{}% 4
\BOOKMARK [2][-]{subsection.2.1}{Evaluation approach}{section.2}% 5
\BOOKMARK [2][-]{subsection.2.2}{baseline: Most popular}{section.2}% 6
\BOOKMARK [2][-]{subsection.2.3}{baseline: Logistic Regression}{section.2}% 7
\BOOKMARK [2][-]{subsection.2.4}{baseline: SVM}{section.2}% 8
\BOOKMARK [2][-]{subsection.2.5}{BPR}{section.2}% 9
\BOOKMARK [1][-]{section.3}{One class recommender}{}% 10
\BOOKMARK [2][-]{subsection.3.1}{BPR-MF}{section.3}% 11
\BOOKMARK [2][-]{subsection.3.2}{BPR-KNN}{section.3}% 12
\BOOKMARK [2][-]{subsection.3.3}{Strengths and Weaknesses}{section.3}% 13
\BOOKMARK [2][-]{subsection.3.4}{Issues}{section.3}% 14
\BOOKMARK [1][-]{section.4}{literature}{}% 15
\BOOKMARK [2][-]{subsection.4.1}{Similar data sets}{section.4}% 16
\BOOKMARK [2][-]{subsection.4.2}{State-Of-The-Art}{section.4}% 17
\BOOKMARK [1][-]{section.5}{Conclusion}{}% 18
\BOOKMARK [2][-]{subsection.5.1}{Result Comparison}{section.5}% 19
\BOOKMARK [2][-]{subsection.5.2}{Parameter discussion}{section.5}% 20
\BOOKMARK [2][-]{subsection.5.3}{Summary}{section.5}% 21
